#
# A fatal error has been detected by the Java Runtime Environment:
#
#  EXCEPTION_ACCESS_VIOLATION (0xc0000005) at pc=0x000000005b037066, pid=26028, tid=0x000000000000742c
#
# JRE version: Java(TM) SE Runtime Environment (8.0_181-b13) (build 1.8.0_181-b13)
# Java VM: Java HotSpot(TM) 64-Bit Server VM (25.181-b13 mixed mode windows-amd64 compressed oops)
# Problematic frame:
# V  [jvm.dll+0x237066]
#
# Failed to write core dump. Minidumps are not enabled by default on client versions of Windows
#
# If you would like to submit a bug report, please visit:
#   http://bugreport.java.com/bugreport/crash.jsp
#

---------------  T H R E A D  ---------------

Current thread (0x0000000017788800):  VMThread [stack: 0x0000000018810000,0x0000000018910000] [id=29740]

siginfo: ExceptionCode=0xc0000005, reading address 0x0000000000000008

Registers:
RAX=0x0000000000000000, RBX=0x000000001890ed50, RCX=0x000000001890ed50, RDX=0x0000000000000028
RSP=0x000000001890ea80, RBP=0x000000001890f290, RSI=0x0000000000000000, RDI=0x000000001890f420
R8 =0x0000000000000000, R9 =0x00000000172b4a40, R10=0x0000000000000008, R11=0x000000005b407f18
R12=0x00000000176955f0, R13=0x000000001890f250, R14=0x00000000000003d8, R15=0x000000001890f240
RIP=0x000000005b037066, EFLAGS=0x0000000000010206

Top of Stack: (sp=0x000000001890ea80)
0x000000001890ea80:   0000000000000000 0000000000000000
0x000000001890ea90:   00000000d8013658 00000000d80136c0
0x000000001890eaa0:   00000000d80137e8 00000000d8013850
0x000000001890eab0:   00000000d80138b8 00000000d8013920
0x000000001890eac0:   00000000d8013988 00000000d80139f0
0x000000001890ead0:   000000000130f318 000000000130f318
0x000000001890eae0:   00000000d8013b28 00000000d8013b90
0x000000001890eaf0:   00000000d8013bf8 00000000d8013c60
0x000000001890eb00:   00000000d8013cc8 00000000d8013d30
0x000000001890eb10:   00000000d8013d98 00000000d8013e00
0x000000001890eb20:   00000000d8013e68 00000000d8013ed0
0x000000001890eb30:   00000000d8013f38 00000000d8013728
0x000000001890eb40:   00000000d8013fa0 00000000d8014008
0x000000001890eb50:   00000000d8014080 00000000d80140e8
0x000000001890eb60:   00000000d8014150 00000000d8014150
0x000000001890eb70:   00000000d8011448 00000000d8011518 

Instructions: (pc=0x000000005b037066)
0x000000005b037046:   01 00 00 48 8b 05 30 a8 5b 00 48 33 c4 48 89 84
0x000000005b037056:   24 30 01 00 00 4c 63 41 10 48 8b 41 08 48 8b d9
0x000000005b037066:   42 38 54 00 08 74 33 44 0f be c2 48 8d 4c 24 20
0x000000005b037076:   48 8d 15 13 e3 3e 00 e8 ee ec de ff 48 8d 0d 97 


Register to memory mapping:

RAX=0x0000000000000000 is an unknown value
RBX=0x000000001890ed50 is an unknown value
RCX=0x000000001890ed50 is an unknown value
RDX=0x0000000000000028 is an unknown value
RSP=0x000000001890ea80 is an unknown value
RBP=0x000000001890f290 is an unknown value
RSI=0x0000000000000000 is an unknown value
RDI=0x000000001890f420 is an unknown value
R8 =0x0000000000000000 is an unknown value
R9 =0x00000000172b4a40 is pointing into metadata
R10=0x0000000000000008 is an unknown value
R11=0x000000005b407f18 is an unknown value
R12=0x00000000176955f0 is an unknown value
R13=0x000000001890f250 is an unknown value
R14=0x00000000000003d8 is an unknown value
R15=0x000000001890f240 is an unknown value


Stack: [0x0000000018810000,0x0000000018910000],  sp=0x000000001890ea80,  free space=1018k
Native frames: (J=compiled Java code, j=interpreted, Vv=VM code, C=native code)
V  [jvm.dll+0x237066]
V  [jvm.dll+0x2376e4]
V  [jvm.dll+0xff4a3]
V  [jvm.dll+0x1025eb]
V  [jvm.dll+0x10305f]
V  [jvm.dll+0x1038a5]
V  [jvm.dll+0x103af2]
V  [jvm.dll+0xc50be]
V  [jvm.dll+0xc5748]
V  [jvm.dll+0xc587a]
V  [jvm.dll+0xc5a78]
V  [jvm.dll+0x10f94a]
V  [jvm.dll+0x12d22f]
V  [jvm.dll+0x1bf3df]
V  [jvm.dll+0x24cc27]
V  [jvm.dll+0x24bec6]
V  [jvm.dll+0x24c361]
V  [jvm.dll+0x24c57e]
V  [jvm.dll+0x29e64a]
C  [msvcr100.dll+0x21d9f]
C  [msvcr100.dll+0x21e3b]
C  [KERNEL32.DLL+0x17974]
C  [ntdll.dll+0x6a261]

VM_Operation (0x000000001924f140): GetOrSetLocal, mode: safepoint, requested by thread 0x00000000177d1000


---------------  P R O C E S S  ---------------

Java Threads: ( => current thread )
  0x000000001a9b0800 JavaThread "Okio Watchdog" daemon [_thread_blocked, id=30292, stack(0x000000001c520000,0x000000001c620000)]
  0x000000001a239000 JavaThread "Exec Stream Pumper" daemon [_thread_in_native, id=20080, stack(0x000000001be20000,0x000000001bf20000)]
  0x000000001a241800 JavaThread "Exec Stream Pumper" daemon [_thread_in_native, id=30548, stack(0x000000001bd20000,0x000000001be20000)]
  0x000000001a247800 JavaThread "Exec Default Executor" daemon [_thread_in_native, id=27820, stack(0x000000001ba20000,0x000000001bb20000)]
  0x0000000019f25800 JavaThread "ReaderThread" [_thread_in_native, id=23312, stack(0x000000001a550000,0x000000001a650000)]
  0x00000000197a4000 JavaThread "Service Thread" daemon [_thread_blocked, id=1680, stack(0x0000000019b50000,0x0000000019c50000)]
  0x00000000177fd000 JavaThread "C1 CompilerThread2" daemon [_thread_blocked, id=14316, stack(0x0000000019650000,0x0000000019750000)]
  0x00000000177f3000 JavaThread "C2 CompilerThread1" daemon [_thread_blocked, id=22524, stack(0x0000000019550000,0x0000000019650000)]
  0x00000000177ec800 JavaThread "C2 CompilerThread0" daemon [_thread_blocked, id=30236, stack(0x0000000019450000,0x0000000019550000)]
  0x00000000177e0000 JavaThread "JDWP Command Reader" daemon [_thread_in_native, id=19380, stack(0x0000000019350000,0x0000000019450000)]
  0x00000000177dc800 JavaThread "JDWP Event Helper Thread" daemon [_thread_blocked, id=21760, stack(0x0000000019250000,0x0000000019350000)]
  0x00000000177d1000 JavaThread "JDWP Transport Listener: dt_socket" daemon [_thread_blocked, id=22112, stack(0x0000000019150000,0x0000000019250000)]
  0x00000000177c8800 JavaThread "Attach Listener" daemon [_thread_blocked, id=30040, stack(0x0000000018d10000,0x0000000018e10000)]
  0x00000000177c6800 JavaThread "Signal Dispatcher" daemon [_thread_blocked, id=30576, stack(0x0000000018c10000,0x0000000018d10000)]
  0x00000000177b0800 JavaThread "Finalizer" daemon [_thread_blocked, id=3408, stack(0x0000000018a10000,0x0000000018b10000)]
  0x0000000002bf5800 JavaThread "Reference Handler" daemon [_thread_blocked, id=10520, stack(0x0000000018910000,0x0000000018a10000)]
  0x0000000002b05800 JavaThread "main" [_thread_blocked, id=4484, stack(0x0000000001210000,0x0000000001310000)]

Other Threads:
=>0x0000000017788800 VMThread [stack: 0x0000000018810000,0x0000000018910000] [id=29740]
  0x0000000019784800 WatcherThread [stack: 0x0000000019c50000,0x0000000019d50000] [id=10428]

VM state:at safepoint (normal execution)

VM Mutex/Monitor currently owned by a thread:  ([mutex/lock_event])
[0x0000000002b02d50] Threads_lock - owner thread: 0x0000000017788800

Heap:
 PSYoungGen      total 38400K, used 30991K [0x00000000d5f00000, 0x00000000d8980000, 0x0000000100000000)
  eden space 33280K, 77% used [0x00000000d5f00000,0x00000000d784a468,0x00000000d7f80000)
  from space 5120K, 99% used [0x00000000d7f80000,0x00000000d8479888,0x00000000d8480000)
  to   space 5120K, 0% used [0x00000000d8480000,0x00000000d8480000,0x00000000d8980000)
 ParOldGen       total 87552K, used 1579K [0x0000000081c00000, 0x0000000087180000, 0x00000000d5f00000)
  object space 87552K, 1% used [0x0000000081c00000,0x0000000081d8af48,0x0000000087180000)
 Metaspace       used 17599K, capacity 18334K, committed 18560K, reserved 1064960K
  class space    used 2147K, capacity 2333K, committed 2432K, reserved 1048576K

Card table byte_map: [0x0000000012050000,0x0000000012450000] byte_map_base: 0x0000000011c42000

Marking Bits: (ParMarkBitMap*) 0x000000005b622d00
 Begin Bits: [0x0000000012b00000, 0x0000000014a90000)
 End Bits:   [0x0000000014a90000, 0x0000000016a20000)

Polling page: 0x0000000000df0000

CodeCache: size=245760Kb used=5941Kb max_used=5955Kb free=239818Kb
 bounds [0x0000000002c90000, 0x0000000003270000, 0x0000000011c90000]
 total_blobs=2099 nmethods=1689 adapters=330
 compilation: enabled

Compilation events (10 events):
Event: 22.652 Thread 0x00000000177fd000 1692       3       sun.util.locale.provider.LocaleProviderAdapter::getAdapter (171 bytes)
Event: 22.653 Thread 0x00000000177fd000 nmethod 1692 0x000000000325b290 code [0x000000000325b540, 0x000000000325c738]
Event: 22.653 Thread 0x00000000177fd000 1695       3       org.openqa.selenium.json.JsonOutput$$Lambda$47/373378624::accept (12 bytes)
Event: 22.654 Thread 0x00000000177fd000 nmethod 1695 0x000000000325ce50 code [0x000000000325cfe0, 0x000000000325d478]
Event: 22.654 Thread 0x00000000177fd000 1696   !   3       org.openqa.selenium.json.JsonOutput::lambda$new$1 (24 bytes)
Event: 22.654 Thread 0x00000000177fd000 nmethod 1696 0x000000000325d6d0 code [0x000000000325d860, 0x000000000325db78]
Event: 22.654 Thread 0x00000000177fd000 1694       1       java.util.logging.Level::intValue (5 bytes)
Event: 22.655 Thread 0x00000000177fd000 nmethod 1694 0x000000000325dd10 code [0x000000000325de60, 0x000000000325df70]
Event: 22.926 Thread 0x00000000177f3000 1697       4       java.util.regex.Pattern$Branch::match (66 bytes)
Event: 22.937 Thread 0x00000000177f3000 nmethod 1697 0x00000000032617d0 code [0x0000000003261980, 0x0000000003262508]

GC Heap History (2 events):
Event: 3.423 GC heap before
{Heap before GC invocations=1 (full 0):
 PSYoungGen      total 38400K, used 33280K [0x00000000d5f00000, 0x00000000d8980000, 0x0000000100000000)
  eden space 33280K, 100% used [0x00000000d5f00000,0x00000000d7f80000,0x00000000d7f80000)
  from space 5120K, 0% used [0x00000000d8480000,0x00000000d8480000,0x00000000d8980000)
  to   space 5120K, 0% used [0x00000000d7f80000,0x00000000d7f80000,0x00000000d8480000)
 ParOldGen       total 87552K, used 0K [0x0000000081c00000, 0x0000000087180000, 0x00000000d5f00000)
  object space 87552K, 0% used [0x0000000081c00000,0x0000000081c00000,0x0000000087180000)
 Metaspace       used 12954K, capacity 13222K, committed 13440K, reserved 1060864K
  class space    used 1499K, capacity 1609K, committed 1664K, reserved 1048576K
Event: 3.436 GC heap after
Heap after GC invocations=1 (full 0):
 PSYoungGen      total 38400K, used 5094K [0x00000000d5f00000, 0x00000000d8980000, 0x0000000100000000)
  eden space 33280K, 0% used [0x00000000d5f00000,0x00000000d5f00000,0x00000000d7f80000)
  from space 5120K, 99% used [0x00000000d7f80000,0x00000000d8479888,0x00000000d8480000)
  to   space 5120K, 0% used [0x00000000d8480000,0x00000000d8480000,0x00000000d8980000)
 ParOldGen       total 87552K, used 1579K [0x0000000081c00000, 0x0000000087180000, 0x00000000d5f00000)
  object space 87552K, 1% used [0x0000000081c00000,0x0000000081d8af48,0x0000000087180000)
 Metaspace       used 12954K, capacity 13222K, committed 13440K, reserved 1060864K
  class space    used 1499K, capacity 1609K, committed 1664K, reserved 1048576K
}

Deoptimization events (10 events):
Event: 4.440 Thread 0x0000000002b05800 Uncommon trap: reason=class_check action=maybe_recompile pc=0x00000000030e4f40 method=java.util.regex.Matcher.search(I)Z @ 86
Event: 4.441 Thread 0x0000000002b05800 Uncommon trap: reason=class_check action=maybe_recompile pc=0x00000000030e4f40 method=java.util.regex.Matcher.search(I)Z @ 86
Event: 4.441 Thread 0x0000000002b05800 Uncommon trap: reason=class_check action=maybe_recompile pc=0x000000000303f9a4 method=java.util.regex.Pattern$Curly.match(Ljava/util/regex/Matcher;ILjava/lang/CharSequence;)Z @ 19
Event: 4.461 Thread 0x0000000002b05800 Uncommon trap: reason=class_check action=maybe_recompile pc=0x000000000303f9a4 method=java.util.regex.Pattern$Curly.match(Ljava/util/regex/Matcher;ILjava/lang/CharSequence;)Z @ 19
Event: 4.461 Thread 0x0000000002b05800 Uncommon trap: reason=class_check action=maybe_recompile pc=0x000000000303f9a4 method=java.util.regex.Pattern$Curly.match(Ljava/util/regex/Matcher;ILjava/lang/CharSequence;)Z @ 19
Event: 4.575 Thread 0x0000000002b05800 Uncommon trap: reason=unstable_if action=reinterpret pc=0x0000000003011ba8 method=java.util.regex.Pattern$BmpCharProperty.match(Ljava/util/regex/Matcher;ILjava/lang/CharSequence;)Z @ 34
Event: 19.212 Thread 0x0000000002b05800 Uncommon trap: reason=bimorphic action=maybe_recompile pc=0x000000000321f640 method=java.util.regex.Pattern$5.isSatisfiedBy(I)Z @ 5
Event: 19.212 Thread 0x0000000002b05800 Uncommon trap: reason=bimorphic action=maybe_recompile pc=0x000000000321f640 method=java.util.regex.Pattern$5.isSatisfiedBy(I)Z @ 5
Event: 19.212 Thread 0x0000000002b05800 Uncommon trap: reason=bimorphic action=maybe_recompile pc=0x000000000321f640 method=java.util.regex.Pattern$5.isSatisfiedBy(I)Z @ 5
Event: 19.213 Thread 0x0000000002b05800 Uncommon trap: reason=bimorphic action=maybe_recompile pc=0x000000000321f640 method=java.util.regex.Pattern$5.isSatisfiedBy(I)Z @ 5

Classes redefined (10 events):
Event: 2104.266 Thread 0x0000000017788800 redefined class name=com.volvo.lisaclassic.sanitychecks.POC_LisaMA, count=12
Event: 2299.000 Thread 0x0000000017788800 redefined class name=com.volvo.lisaclassic.sanitychecks.POC_LisaMA, count=13
Event: 161627.359 Thread 0x0000000017788800 redefined class name=com.volvo.lisaclassic.sanitychecks.POC_LisaMA, count=14
Event: 161785.894 Thread 0x0000000017788800 redefined class name=com.volvo.lisaclassic.sanitychecks.POC_LisaMA, count=15
Event: 161895.141 Thread 0x0000000017788800 redefined class name=com.volvo.lisaclassic.sanitychecks.POC_LisaMA, count=16
Event: 161905.220 Thread 0x0000000017788800 redefined class name=com.volvo.lisaclassic.sanitychecks.POC_LisaMA, count=17
Event: 161913.331 Thread 0x0000000017788800 redefined class name=com.volvo.lisaclassic.sanitychecks.POC_LisaMA, count=18
Event: 162270.840 Thread 0x0000000017788800 redefined class name=com.volvo.lisaclassic.sanitychecks.POC_LisaMA, count=19
Event: 162623.726 Thread 0x0000000017788800 redefined class name=com.volvo.lisaclassic.sanitychecks.POC_LisaMA, count=20
Event: 163178.249 Thread 0x0000000017788800 redefined class name=com.volvo.lisaclassic.sanitychecks.POC_LisaMA, count=21

Internal exceptions (10 events):
Event: 22.654 Thread 0x0000000002b05800 Exception <a 'java/net/SocketTimeoutException': Read timed out> (0x00000000d76d4e20) thrown at [C:\re\workspace\8-2-build-windows-amd64-cygwin\jdk8u181\11358\hotspot\src\share\vm\prims\jni.cpp, line 735]
Event: 41.681 Thread 0x0000000002b05800 Exception <a 'java/net/SocketTimeoutException': Read timed out> (0x00000000d76e4820) thrown at [C:\re\workspace\8-2-build-windows-amd64-cygwin\jdk8u181\11358\hotspot\src\share\vm\prims\jni.cpp, line 735]
Event: 50.437 Thread 0x0000000002b05800 Exception <a 'java/net/SocketTimeoutException': Read timed out> (0x00000000d76f7030) thrown at [C:\re\workspace\8-2-build-windows-amd64-cygwin\jdk8u181\11358\hotspot\src\share\vm\prims\jni.cpp, line 735]
Event: 50.469 Thread 0x0000000002b05800 Exception <a 'java/net/SocketTimeoutException': Read timed out> (0x00000000d7710b68) thrown at [C:\re\workspace\8-2-build-windows-amd64-cygwin\jdk8u181\11358\hotspot\src\share\vm\prims\jni.cpp, line 735]
Event: 55.587 Thread 0x0000000002b05800 Exception <a 'java/net/SocketTimeoutException': Read timed out> (0x00000000d77243a8) thrown at [C:\re\workspace\8-2-build-windows-amd64-cygwin\jdk8u181\11358\hotspot\src\share\vm\prims\jni.cpp, line 735]
Event: 55.622 Thread 0x0000000002b05800 Exception <a 'java/net/SocketTimeoutException': Read timed out> (0x00000000d773e130) thrown at [C:\re\workspace\8-2-build-windows-amd64-cygwin\jdk8u181\11358\hotspot\src\share\vm\prims\jni.cpp, line 735]
Event: 66.972 Thread 0x0000000002b05800 Exception <a 'java/net/SocketTimeoutException': Read timed out> (0x00000000d7750368) thrown at [C:\re\workspace\8-2-build-windows-amd64-cygwin\jdk8u181\11358\hotspot\src\share\vm\prims\jni.cpp, line 735]
Event: 74.589 Thread 0x0000000002b05800 Exception <a 'java/net/SocketTimeoutException': Read timed out> (0x00000000d776ab10) thrown at [C:\re\workspace\8-2-build-windows-amd64-cygwin\jdk8u181\11358\hotspot\src\share\vm\prims\jni.cpp, line 735]
Event: 139.319 Thread 0x0000000002b05800 Exception <a 'java/net/SocketTimeoutException': Read timed out> (0x00000000d777cf98) thrown at [C:\re\workspace\8-2-build-windows-amd64-cygwin\jdk8u181\11358\hotspot\src\share\vm\prims\jni.cpp, line 735]
Event: 146.347 Thread 0x0000000002b05800 Exception <a 'java/net/SocketTimeoutException': Read timed out> (0x00000000d7792088) thrown at [C:\re\workspace\8-2-build-windows-amd64-cygwin\jdk8u181\11358\hotspot\src\share\vm\prims\jni.cpp, line 735]

Events (10 events):
Event: 163360.391 Executing VM operation: ChangeBreakpoints done
Event: 163371.750 Executing VM operation: GetCurrentContendedMonitor
Event: 163371.750 Executing VM operation: GetCurrentContendedMonitor done
Event: 163371.750 Executing VM operation: GetOwnedMonitorInfo
Event: 163371.750 Executing VM operation: GetOwnedMonitorInfo done
Event: 163399.242 Executing VM operation: GetCurrentContendedMonitor
Event: 163399.242 Executing VM operation: GetCurrentContendedMonitor done
Event: 163399.246 Executing VM operation: GetOwnedMonitorInfo
Event: 163399.246 Executing VM operation: GetOwnedMonitorInfo done
Event: 163401.393 Executing VM operation: GetOrSetLocal


Dynamic libraries:
0x00007ff65ac90000 - 0x00007ff65acc7000 	C:\Program Files\Java\jdk1.8.0_181\bin\javaw.exe
0x00007ffb8a3b0000 - 0x00007ffb8a59d000 	C:\WINDOWS\SYSTEM32\ntdll.dll
0x00007ffb8a230000 - 0x00007ffb8a2e3000 	C:\WINDOWS\System32\KERNEL32.DLL
0x00007ffb871d0000 - 0x00007ffb87463000 	C:\WINDOWS\System32\KERNELBASE.dll
0x000000005d380000 - 0x000000005d413000 	C:\WINDOWS\System32\SYSFER.DLL
0x00007ffb8a180000 - 0x00007ffb8a223000 	C:\WINDOWS\System32\ADVAPI32.dll
0x00007ffb88500000 - 0x00007ffb8859e000 	C:\WINDOWS\System32\msvcrt.dll
0x00007ffb882f0000 - 0x00007ffb8838e000 	C:\WINDOWS\System32\sechost.dll
0x00007ffb89e70000 - 0x00007ffb89f92000 	C:\WINDOWS\System32\RPCRT4.dll
0x00007ffb89ca0000 - 0x00007ffb89e37000 	C:\WINDOWS\System32\USER32.dll
0x00007ffb86470000 - 0x00007ffb86490000 	C:\WINDOWS\System32\win32u.dll
0x00007ffb88220000 - 0x00007ffb88249000 	C:\WINDOWS\System32\GDI32.dll
0x00007ffb86f90000 - 0x00007ffb87129000 	C:\WINDOWS\System32\gdi32full.dll
0x00007ffb87130000 - 0x00007ffb871d0000 	C:\WINDOWS\System32\msvcp_win.dll
0x00007ffb87470000 - 0x00007ffb8756a000 	C:\WINDOWS\System32\ucrtbase.dll
0x00007ffb78f50000 - 0x00007ffb791c9000 	C:\WINDOWS\WinSxS\amd64_microsoft.windows.common-controls_6595b64144ccf1df_6.0.17763.1039_none_de701650534c7021\COMCTL32.dll
0x00007ffb87630000 - 0x00007ffb8795c000 	C:\WINDOWS\System32\combase.dll
0x00007ffb86ec0000 - 0x00007ffb86f3e000 	C:\WINDOWS\System32\bcryptPrimitives.dll
0x00007ffb89e40000 - 0x00007ffb89e6e000 	C:\WINDOWS\System32\IMM32.DLL
0x000000005bfe0000 - 0x000000005c0b2000 	C:\Program Files\Java\jdk1.8.0_181\jre\bin\msvcr100.dll
0x000000005ae00000 - 0x000000005b6a2000 	C:\Program Files\Java\jdk1.8.0_181\jre\bin\server\jvm.dll
0x00007ffb8a370000 - 0x00007ffb8a378000 	C:\WINDOWS\System32\PSAPI.DLL
0x00007ffb84fb0000 - 0x00007ffb84fb9000 	C:\WINDOWS\SYSTEM32\WSOCK32.dll
0x00007ffb8a0b0000 - 0x00007ffb8a11d000 	C:\WINDOWS\System32\WS2_32.dll
0x00007ffb7aa50000 - 0x00007ffb7aa74000 	C:\WINDOWS\SYSTEM32\WINMM.dll
0x00007ffb7df00000 - 0x00007ffb7df0a000 	C:\WINDOWS\SYSTEM32\VERSION.dll
0x00007ffb7aa20000 - 0x00007ffb7aa4d000 	C:\WINDOWS\SYSTEM32\WINMMBASE.dll
0x00007ffb86f40000 - 0x00007ffb86f8a000 	C:\WINDOWS\System32\cfgmgr32.dll
0x000000005c820000 - 0x000000005c82f000 	C:\Program Files\Java\jdk1.8.0_181\jre\bin\verify.dll
0x000000005c1d0000 - 0x000000005c1f9000 	C:\Program Files\Java\jdk1.8.0_181\jre\bin\java.dll
0x0000000180000000 - 0x0000000180030000 	C:\WINDOWS\SYSTEM32\jvmhook.dll
0x00007ffb880c0000 - 0x00007ffb88215000 	C:\WINDOWS\System32\ole32.dll
0x00007ffb886d0000 - 0x00007ffb88794000 	C:\WINDOWS\System32\OLEAUT32.dll
0x00007ffb66af0000 - 0x00007ffb66b8b000 	C:\WINDOWS\SYSTEM32\MSVCP140.dll
0x00007ffb719c0000 - 0x00007ffb719d5000 	C:\WINDOWS\SYSTEM32\VCRUNTIME140.dll
0x000000005bec0000 - 0x000000005bef5000 	C:\Program Files\Java\jdk1.8.0_181\jre\bin\jdwp.dll
0x000000005c150000 - 0x000000005c158000 	C:\Program Files\Java\jdk1.8.0_181\jre\bin\npt.dll
0x000000005c1b0000 - 0x000000005c1c6000 	C:\Program Files\Java\jdk1.8.0_181\jre\bin\zip.dll
0x00007ffb887a0000 - 0x00007ffb89c94000 	C:\WINDOWS\System32\SHELL32.dll
0x00007ffb89fa0000 - 0x00007ffb8a048000 	C:\WINDOWS\System32\shcore.dll
0x00007ffb86770000 - 0x00007ffb86ebd000 	C:\WINDOWS\System32\windows.storage.dll
0x00007ffb86440000 - 0x00007ffb86464000 	C:\WINDOWS\System32\profapi.dll
0x00007ffb863a0000 - 0x00007ffb863fd000 	C:\WINDOWS\System32\powrprof.dll
0x00007ffb8a120000 - 0x00007ffb8a172000 	C:\WINDOWS\System32\shlwapi.dll
0x00007ffb86420000 - 0x00007ffb86431000 	C:\WINDOWS\System32\kernel.appcore.dll
0x00007ffb864c0000 - 0x00007ffb864d7000 	C:\WINDOWS\System32\cryptsp.dll
0x000000005beb0000 - 0x000000005beb9000 	C:\Program Files\Java\jdk1.8.0_181\jre\bin\dt_socket.dll
0x00007ffb78260000 - 0x00007ffb78276000 	C:\WINDOWS\system32\napinsp.dll
0x00007ffb78280000 - 0x00007ffb7829a000 	C:\WINDOWS\system32\pnrpnsp.dll
0x00007ffb85bb0000 - 0x00007ffb85c17000 	C:\WINDOWS\System32\mswsock.dll
0x00007ffb85920000 - 0x00007ffb859e6000 	C:\WINDOWS\SYSTEM32\DNSAPI.dll
0x00007ffb882d0000 - 0x00007ffb882d8000 	C:\WINDOWS\System32\NSI.dll
0x00007ffb858d0000 - 0x00007ffb8590d000 	C:\WINDOWS\SYSTEM32\IPHLPAPI.DLL
0x00007ffb782a0000 - 0x00007ffb782ae000 	C:\WINDOWS\System32\winrnr.dll
0x00007ffb7da40000 - 0x00007ffb7da5b000 	C:\WINDOWS\system32\NLAapi.dll
0x00007ffb7efd0000 - 0x00007ffb7efe5000 	C:\WINDOWS\system32\wshbth.dll
0x00007ffb80460000 - 0x00007ffb804d9000 	C:\WINDOWS\System32\fwpuclnt.dll
0x00007ffb86490000 - 0x00007ffb864b6000 	C:\WINDOWS\System32\bcrypt.dll
0x00007ffb7b120000 - 0x00007ffb7b12a000 	C:\Windows\System32\rasadhlp.dll
0x000000005c190000 - 0x000000005c1aa000 	C:\Program Files\Java\jdk1.8.0_181\jre\bin\net.dll
0x00007ffb854d0000 - 0x00007ffb85503000 	C:\WINDOWS\system32\rsaenh.dll
0x00007ffb862d0000 - 0x00007ffb862f8000 	C:\WINDOWS\SYSTEM32\USERENV.dll
0x00007ffb85d80000 - 0x00007ffb85d8c000 	C:\WINDOWS\SYSTEM32\CRYPTBASE.dll
0x00007ffb7f160000 - 0x00007ffb7f176000 	C:\WINDOWS\SYSTEM32\dhcpcsvc6.DLL
0x00007ffb7eff0000 - 0x00007ffb7f00c000 	C:\WINDOWS\SYSTEM32\dhcpcsvc.DLL
0x000000005c170000 - 0x000000005c181000 	C:\Program Files\Java\jdk1.8.0_181\jre\bin\nio.dll
0x000000005bfb0000 - 0x000000005bfd4000 	C:\Program Files\Java\jdk1.8.0_181\jre\bin\sunec.dll
0x000000005c160000 - 0x000000005c16b000 	C:\Program Files\Java\jdk1.8.0_181\jre\bin\sunmscapi.dll
0x00007ffb86590000 - 0x00007ffb8676c000 	C:\WINDOWS\System32\CRYPT32.dll
0x00007ffb86400000 - 0x00007ffb86412000 	C:\WINDOWS\System32\MSASN1.dll
0x00007ffb84d70000 - 0x00007ffb84f5d000 	C:\WINDOWS\SYSTEM32\dbghelp.dll

VM Arguments:
jvm_args: -agentlib:jvmhook -agentlib:jdwp=transport=dt_socket,suspend=y,address=localhost:64875 -ea -Dfile.encoding=UTF-8 -Xbootclasspath/a:C:\Program Files (x86)\Micro Focus\Sprinter\bin\java_shared\classes\jasmine.jar 
java_command: org.testng.remote.RemoteTestNG -serport 64874 -protocol json -d C:\MyWorkspace\LISACLASSIC\test-output C:\Users\A247622\AppData\Local\Temp\testng-eclipse--31491544\testng-customsuite.xml
java_class_path (initial): C:\JavaDev\tools\eclipse-jee-4.5.2\plugins\org.testng.eclipse_6.9.13.201609291640\lib\testng-remote.jar;C:\MyWorkspace\LISACLASSIC\target\test-classes;C:\MyWorkspace\LISACLASSIC\target\classes;C:\Users\A247622\.m2\repository\junit\junit\3.8.1\junit-3.8.1.jar;C:\Users\A247622\.m2\repository\org\testng\testng\6.10\testng-6.10.jar;C:\Users\A247622\.m2\repository\com\beust\jcommander\1.48\jcommander-1.48.jar;C:\Users\A247622\.m2\repository\org\apache\poi\poi-ooxml\4.1.0\poi-ooxml-4.1.0.jar;C:\Users\A247622\.m2\repository\org\apache\poi\poi\4.1.0\poi-4.1.0.jar;C:\Users\A247622\.m2\repository\org\apache\commons\commons-collections4\4.3\commons-collections4-4.3.jar;C:\Users\A247622\.m2\repository\org\apache\commons\commons-math3\3.6.1\commons-math3-3.6.1.jar;C:\Users\A247622\.m2\repository\org\apache\poi\poi-ooxml-schemas\4.1.0\poi-ooxml-schemas-4.1.0.jar;C:\Users\A247622\.m2\repository\org\apache\xmlbeans\xmlbeans\3.1.0\xmlbeans-3.1.0.jar;C:\Users\A247622\.m2\repository\org\apache\commons\commons-compress\1.18\commons-compress-1.18.jar;C:\Users\A247622\.m2\repository\com\github\virtuald\curvesapi\1.06\curvesapi-1.06.jar;C:\Users\A247622\.m2\repository\org\seleniumhq\selenium\selenium-java\3.14.0\selenium-java-3.14.0.jar;C:\Users\A247622\.m2\repository\org\seleniumhq\selenium\selenium-api\3.14.0\selenium-api-3.14.0.jar;C:\Users\A247622\.m2\repository\org\seleniumhq\selenium\selenium-chrome-driver\3.14.0\selenium-chrome-driver-3.14.0.jar;C:\Users\A247622\.m2\repository\org\seleniumhq\selenium\selenium-edge-driver\3.14.0\selenium-edge-driver-3.14.0.jar;C:\Users\A247622\.m2\repository\org\seleniumhq\selenium\selenium-firefox-driver\3.14.0\selenium-firefox-driver-3.14.0.jar;C:\Users\A247622\.m2\repository\org\seleniumhq\selenium\selenium-ie-driver\3.14.0\selenium-ie-driver-3.14.0.jar;C:\Users\A247622\.m2\repository\org\seleniumhq\selenium\selenium-opera-driver\3.14.0\selenium-opera-driver-3.14.0.jar;C:\Users\A247622\.m2\repository\org\seleniumhq\se
Launcher Type: SUN_STANDARD

Environment Variables:
JAVA_TOOL_OPTIONS=-agentlib:jvmhook
_JAVA_OPTIONS=-Xbootclasspath/a:"C:\Program Files (x86)\Micro Focus\Sprinter\bin\java_shared\classes\jasmine.jar"
CLASSPATH=.;C:\PROGRA~1\IBM\RTC111\java\db2java.zip;C:\PROGRA~1\IBM\RTC111\java\db2jcc.jar;C:\PROGRA~1\IBM\RTC111\java\DB2JCC~1.JAR;C:\PROGRA~1\IBM\RTC111\BIN;C:\Program Files\IBM\WebSphere MQ\java\lib\com.ibm.mqjms.jar;C:\Program Files\IBM\WebSphere MQ\java\lib\com.ibm.mq.jar
PATH=C:\Program Files\Java\jdk1.8.0_181\jre\bin;C:\Program Files (x86)\IBM\Rational\common;C:\Program Files (x86)\Common Files\Oracle\Java\javapath;C:\WINDOWS\system32;C:\WINDOWS;C:\WINDOWS\System32\Wbem;C:\WINDOWS\System32\WindowsPowerShell\v1.0\;C:\Program Files (x86)\Windows Kits\10\Windows Performance Toolkit\;C:\PROGRA~1\IBM\RTC111\BIN;C:\PROGRA~1\IBM\RTC111\FUNCTION;C:\Program Files\IBM\WebSphere MQ\bin64;C:\Program Files\IBM\WebSphere MQ\bin;C:\Program Files\IBM\WebSphere MQ\tools\c\samples\bin;C:\Program Files (x86)\IBM\Rational\ClearCase\bin;C:\Program Files (x86)\IBM\gsk8\lib;C:\Program Files (x86)\IBM\gsk8\bin;C:\Program Files (x86)\IBM\Rational\ClearCase\RemoteClient\cteapis;C:\Program Files\Git\cmd;C:\Program Files\TortoiseGit\bin;C:\WINDOWS\System32\OpenSSH\;C:\Users\A247622\AppData\Local\Programs\Python\Python37-32\Scripts\;C:\Users\A247622\AppData\Local\Programs\Python\Python37-32\;C:\Users\A247622\AppData\Local\Microsoft\WindowsApps;C:\Python27\Scripts;C:\Python27;C:\JavaDev\tools\apache-maven-3.3.9\bin;C:\JavaDev\tools\jvs-support-tools-5.1.0;C:\JavaDev\tools\jboss-eap-7.0\bin;C:\Openshift;;C:\Program Files (x86)\Micro Focus\Sprinter\\bin64
USERNAME=a247622
OS=Windows_NT
PROCESSOR_IDENTIFIER=Intel64 Family 6 Model 61 Stepping 4, GenuineIntel



---------------  S Y S T E M  ---------------

OS: Windows 10.0 , 64 bit Build 17763 (10.0.17763.475)

CPU:total 4 (initial active 4) (2 cores per cpu, 2 threads per core) family 6 model 61 stepping 4, cmov, cx8, fxsr, mmx, sse, sse2, sse3, ssse3, sse4.1, sse4.2, popcnt, avx, avx2, aes, clmul, erms, rtm, 3dnowpref, lzcnt, ht, tsc, tscinvbit, bmi1, bmi2, adx

Memory: 4k page, physical 8268808k(1137968k free), swap 12750244k(1384732k free)

vm_info: Java HotSpot(TM) 64-Bit Server VM (25.181-b13) for windows-amd64 JRE (1.8.0_181-b13), built on Jul  7 2018 04:01:33 by "java_re" with MS VC++ 10.0 (VS2010)

time: Sun Apr 19 16:46:36 2020
elapsed time: 163401 seconds (1d 21h 23m 21s)

